#
# A fatal error has been detected by the Java Runtime Environment:
#
#  EXCEPTION_ACCESS_VIOLATION (0xc0000005) at pc=0x00007ffddbafe047, pid=13320, tid=11400
#
# JRE version: Java(TM) SE Runtime Environment (17.0.5+9) (build 17.0.5+9-LTS-191)
# Java VM: Java HotSpot(TM) 64-Bit Server VM (17.0.5+9-LTS-191, mixed mode, sharing, tiered, compressed oops, compressed class ptrs, g1 gc, windows-amd64)
# Problematic frame:
# C  [lwjgl_opengl.dll+0xe047]
#
# No core dump will be written. Minidumps are not enabled by default on client versions of Windows
#
# If you would like to submit a bug report, please visit:
#   https://bugreport.java.com/bugreport/crash.jsp
# The crash happened outside the Java Virtual Machine in native code.
# See problematic frame for where to report the bug.
#

---------------  S U M M A R Y ------------

Command Line: -agentlib:jdwp=transport=dt_socket,server=n,suspend=y,address=localhost:52318 -XX:+ShowCodeDetailsInExceptionMessages com.collins.Game

Host: 12th Gen Intel(R) Core(TM) i9-12900H, 20 cores, 15G,  Windows 11 , 64 bit Build 22000 (10.0.22000.1335)
Time: Sat Dec 31 13:30:50 2022 Eastern Standard Time elapsed time: 0.308247 seconds (0d 0h 0m 0s)

---------------  T H R E A D  ---------------

Current thread (0x000002382d27b410):  JavaThread "main" [_thread_in_native, id=11400, stack(0x000000af3b600000,0x000000af3b700000)]

Stack: [0x000000af3b600000,0x000000af3b700000],  sp=0x000000af3b6ff1d8,  free space=1020k
Native frames: (J=compiled Java code, j=interpreted, Vv=VM code, C=native code)
C  [lwjgl_opengl.dll+0xe047]

Java frames: (J=compiled Java code, j=interpreted, Vv=VM code)
j  org.lwjgl.opengl.GL20C.glCreateProgram()I+0
j  org.lwjgl.opengl.GL20.glCreateProgram()I+0
j  com.collins.Shader.ShaderProgram.<init>()V+5
j  com.Utils.GenUtils.loadShader(Ljava/lang/String;Ljava/lang/String;)Lcom/collins/Shader/ShaderProgram;+14
j  com.collins.Game.init()V+267
j  com.collins.Game.run()V+1
j  com.collins.Game.main([Ljava/lang/String;)V+7
v  ~StubRoutines::call_stub

siginfo: EXCEPTION_ACCESS_VIOLATION (0xc0000005), reading address 0x0000000000000e20


Register to memory mapping:

RIP=0x00007ffddbafe047 lwjgl_opengl.dll
RAX=0x000002385214e2d0 points into unknown readable memory: 0x0000000000000000 | 00 00 00 00 00 00 00 00
RBX={method} {0x000002385195daf0} 'glCreateProgram' '()I' in 'org/lwjgl/opengl/GL20C'
RCX=0x0 is NULL
RDX=0x000000af3b6ff260 is pointing into the stack for thread: 0x000002382d27b410
RSP=0x000000af3b6ff1d8 is pointing into the stack for thread: 0x000002382d27b410
RBP=0x000000af3b6ff250 is pointing into the stack for thread: 0x000002382d27b410
RSI=0x000000071479ac40 is an oop: java.lang.String 
{0x000000071479ac40} - klass: 'java/lang/String'
 - string: "#version 330

out vec4 fragColor;

void main()
{
    fragColor = vec4(0.0, 0.5, 0.5, 1.0);
}
"
RDI=0x0 is NULL
R8 =0x0000000000000002 is an unknown value
R9 =0x0000000000000002 is an unknown value
R10=0x0000023834b01337 is at code_begin+1911 in an Interpreter codelet
method entry point (kind = native)  [0x0000023834b00bc0, 0x0000023834b01ce0]  4384 bytes
R11=0x0000000714505660 is an oop: java.lang.Class 
{0x0000000714505660} - klass: 'java/lang/Class'
 - ---- fields (total size 54 words):
 - private volatile transient 'classRedefinedCount' 'I' @12  0
 - private volatile transient 'cachedConstructor' 'Ljava/lang/reflect/Constructor;' @40  NULL (0)
 - private transient 'name' 'Ljava/lang/String;' @44  "org.lwjgl.opengl.GL20C"{0x0000000714505820} (e28a0b04)
 - private transient 'module' 'Ljava/lang/Module;' @48  a 'java/lang/Module'{0x0000000714eed790} (e29ddaf2)
 - private final 'classLoader' 'Ljava/lang/ClassLoader;' @52  a 'jdk/internal/loader/ClassLoaders$AppClassLoader'{0x0000000714eed5d0} (e29ddaba)
 - private transient 'classData' 'Ljava/lang/Object;' @56  NULL (0)
 - private transient 'packageName' 'Ljava/lang/String;' @60  "org.lwjgl.opengl"{0x000000071479f328} (e28f3e65)
 - private final 'componentType' 'Ljava/lang/Class;' @64  NULL (0)
 - private volatile transient 'reflectionData' 'Ljava/lang/ref/SoftReference;' @68  NULL (0)
 - private volatile transient 'genericInfo' 'Lsun/reflect/generics/repository/ClassRepository;' @72  NULL (0)
 - private volatile transient 'enumConstants' '[Ljava/lang/Object;' @76  NULL (0)
 - private volatile transient 'enumConstantDirectory' 'Ljava/util/Map;' @80  NULL (0)
 - private volatile transient 'annotationData' 'Ljava/lang/Class$AnnotationData;' @84  NULL (0)
 - private volatile transient 'annotationType' 'Lsun/reflect/annotation/AnnotationType;' @88  NULL (0)
 - transient 'classValueMap' 'Ljava/lang/ClassValue$ClassValueMap;' @92  NULL (0)
 - signature: Lorg/lwjgl/opengl/GL20C;
 - fake entry for mirror: 'org/lwjgl/opengl/GL20C'
 - fake entry for array: NULL
 - fake entry for oop_size: 54
 - fake entry for static_oop_field_count: 0
 - public static final 'GL_SHADING_LANGUAGE_VERSION' 'I' @112  35724 (8b8c)
 - public static final 'GL_CURRENT_PROGRAM' 'I' @116  35725 (8b8d)
 - public static final 'GL_SHADER_TYPE' 'I' @120  35663 (8b4f)
 - public static final 'GL_DELETE_STATUS' 'I' @124  35712 (8b80)
 - public static final 'GL_COMPILE_STATUS' 'I' @128  35713 (8b81)
 - public static final 'GL_LINK_STATUS' 'I' @132  35714 (8b82)
 - public static final 'GL_VALIDATE_STATUS' 'I' @136  35715 (8b83)
 - public static final 'GL_INFO_LOG_LENGTH' 'I' @140  35716 (8b84)
 - public static final 'GL_ATTACHED_SHADERS' 'I' @144  35717 (8b85)
 - public static final 'GL_ACTIVE_UNIFORMS' 'I' @148  35718 (8b86)
 - public static final 'GL_ACTIVE_UNIFORM_MAX_LENGTH' 'I' @152  35719 (8b87)
 - public static final 'GL_ACTIVE_ATTRIBUTES' 'I' @156  35721 (8b89)
 - public static final 'GL_ACTIVE_ATTRIBUTE_MAX_LENGTH' 'I' @160  35722 (8b8a)
 - public static final 'GL_SHADER_SOURCE_LENGTH' 'I' @164  35720 (8b88)
 - public static final 'GL_FLOAT_VEC2' 'I' @168  35664 (8b50)
 - public static final 'GL_FLOAT_VEC3' 'I' @172  35665 (8b51)
 - public static final 'GL_FLOAT_VEC4' 'I' @176  35666 (8b52)
 - public static final 'GL_INT_VEC2' 'I' @180  35667 (8b53)
 - public static final 'GL_INT_VEC3' 'I' @184  35668 (8b54)
 - public static final 'GL_INT_VEC4' 'I' @188  35669 (8b55)
 - public static final 'GL_BOOL' 'I' @192  35670 (8b56)
 - public static final 'GL_BOOL_VEC2' 'I' @196  35671 (8b57)
 - public static final 'GL_BOOL_VEC3' 'I' @200  35672 (8b58)
 - public static final 'GL_BOOL_VEC4' 'I' @204  35673 (8b59)
 - public static final 'GL_FLOAT_MAT2' 'I' @208  35674 (8b5a)
 - public static final 'GL_FLOAT_MAT3' 'I' @212  35675 (8b5b)
 - public static final 'GL_FLOAT_MAT4' 'I' @216  35676 (8b5c)
 - public static final 'GL_SAMPLER_1D' 'I' @220  35677 (8b5d)
 - public static final 'GL_SAMPLER_2D' 'I' @224  35678 (8b5e)
 - public static final 'GL_SAMPLER_3D' 'I' @228  35679 (8b5f)
 - public static final 'GL_SAMPLER_CUBE' 'I' @232  35680 (8b60)
 - public static final 'GL_SAMPLER_1D_SHADOW' 'I' @236  35681 (8b61)
 - public static final 'GL_SAMPLER_2D_SHADOW' 'I' @240  35682 (8b62)
 - public static final 'GL_VERTEX_SHADER' 'I' @244  35633 (8b31)
 - public static final 'GL_MAX_VERTEX_UNIFORM_COMPONENTS' 'I' @248  35658 (8b4a)
 - public static final 'GL_MAX_VARYING_FLOATS' 'I' @252  35659 (8b4b)
 - public static final 'GL_MAX_VERTEX_ATTRIBS' 'I' @256  34921 (8869)
 - public static final 'GL_MAX_TEXTURE_IMAGE_UNITS' 'I' @260  34930 (8872)
 - public static final 'GL_MAX_VERTEX_TEXTURE_IMAGE_UNITS' 'I' @264  35660 (8b4c)
 - public static final 'GL_MAX_COMBINED_TEXTURE_IMAGE_UNITS' 'I' @268  35661 (8b4d)
 - public static final 'GL_VERTEX_PROGRAM_POINT_SIZE' 'I' @272  34370 (8642)
 - public static final 'GL_VERTEX_ATTRIB_ARRAY_ENABLED' 'I' @276  34338 (8622)
 - public static final 'GL_VERTEX_ATTRIB_ARRAY_SIZE' 'I' @280  34339 (8623)
 - public static final 'GL_VERTEX_ATTRIB_ARRAY_STRIDE' 'I' @284  34340 (8624)
 - public static final 'GL_VERTEX_ATTRIB_ARRAY_TYPE' 'I' @288  34341 (8625)
 - public static final 'GL_VERTEX_ATTRIB_ARRAY_NORMALIZED' 'I' @292  34922 (886a)
 - public static final 'GL_CURRENT_VERTEX_ATTRIB' 'I' @296  34342 (8626)
 - public static final 'GL_VERTEX_ATTRIB_ARRAY_POINTER' 'I' @300  34373 (8645)
 - public static final 'GL_FRAGMENT_SHADER' 'I' @304  35632 (8b30)
 - public static final 'GL_MAX_FRAGMENT_UNIFORM_COMPONENTS' 'I' @308  35657 (8b49)
 - public static final 'GL_FRAGMENT_SHADER_DERIVATIVE_HINT' 'I' @312  35723 (8b8b)
 - public static final 'GL_MAX_DRAW_BUFFERS' 'I' @316  34852 (8824)
 - public static final 'GL_DRAW_BUFFER0' 'I' @320  34853 (8825)
 - public static final 'GL_DRAW_BUFFER1' 'I' @324  34854 (8826)
 - public static final 'GL_DRAW_BUFFER2' 'I' @328  34855 (8827)
 - public static final 'GL_DRAW_BUFFER3' 'I' @332  34856 (8828)
 - public static final 'GL_DRAW_BUFFER4' 'I' @336  34857 (8829)
 - public static final 'GL_DRAW_BUFFER5' 'I' @340  34858 (882a)
 - public static final 'GL_DRAW_BUFFER6' 'I' @344  34859 (882b)
 - public static final 'GL_DRAW_BUFFER7' 'I' @348  34860 (882c)
 - public static final 'GL_DRAW_BUFFER8' 'I' @352  34861 (882d)
 - public static final 'GL_DRAW_BUFFER9' 'I' @356  34862 (882e)
 - public static final 'GL_DRAW_BUFFER10' 'I' @360  34863 (882f)
 - public static final 'GL_DRAW_BUFFER11' 'I' @364  34864 (8830)
 - public static final 'GL_DRAW_BUFFER12' 'I' @368  34865 (8831)
 - public static final 'GL_DRAW_BUFFER13' 'I' @372  34866 (8832)
 - public static final 'GL_DRAW_BUFFER14' 'I' @376  34867 (8833)
 - public static final 'GL_DRAW_BUFFER15' 'I' @380  34868 (8834)
 - public static final 'GL_POINT_SPRITE_COORD_ORIGIN' 'I' @384  36000 (8ca0)
 - public static final 'GL_LOWER_LEFT' 'I' @388  36001 (8ca1)
 - public static final 'GL_UPPER_LEFT' 'I' @392  36002 (8ca2)
 - public static final 'GL_BLEND_EQUATION_RGB' 'I' @396  32777 (8009)
 - public static final 'GL_BLEND_EQUATION_ALPHA' 'I' @400  34877 (883d)
 - public static final 'GL_STENCIL_BACK_FUNC' 'I' @404  34816 (8800)
 - public static final 'GL_STENCIL_BACK_FAIL' 'I' @408  34817 (8801)
 - public static final 'GL_STENCIL_BACK_PASS_DEPTH_FAIL' 'I' @412  34818 (8802)
 - public static final 'GL_STENCIL_BACK_PASS_DEPTH_PASS' 'I' @416  34819 (8803)
 - public static final 'GL_STENCIL_BACK_REF' 'I' @420  36003 (8ca3)
 - public static final 'GL_STENCIL_BACK_VALUE_MASK' 'I' @424  36004 (8ca4)
 - public static final 'GL_STENCIL_BACK_WRITEMASK' 'I' @428  36005 (8ca5)
R12=0x0 is NULL
R13=0x000002385195dae0 is pointing into metadata
R14=0x000000af3b6ff268 is pointing into the stack for thread: 0x000002382d27b410
R15=0x000002382d27b410 is a thread


Registers:
RAX=0x000002385214e2d0, RBX=0x000002385195dae8, RCX=0x0000000000000000, RDX=0x000000af3b6ff260
RSP=0x000000af3b6ff1d8, RBP=0x000000af3b6ff250, RSI=0x000000071479ac40, RDI=0x0000000000000000
R8 =0x0000000000000002, R9 =0x0000000000000002, R10=0x0000023834b01337, R11=0x0000000714505660
R12=0x0000000000000000, R13=0x000002385195dae0, R14=0x000000af3b6ff268, R15=0x000002382d27b410
RIP=0x00007ffddbafe047, EFLAGS=0x0000000000010202

Top of Stack: (sp=0x000000af3b6ff1d8)
0x000000af3b6ff1d8:   0000023834b01366 000002385195dae8
0x000000af3b6ff1e8:   000000071479ac40 000002382d27b410
0x000000af3b6ff1f8:   000000af3b6ff240 0000023834b00c76
0x000000af3b6ff208:   000000af3b6ff208 000002385195dae0
0x000000af3b6ff218:   000000af3b6ff268 000002385198ae30
0x000000af3b6ff228:   0000000000000000 0000000714505660
0x000000af3b6ff238:   000002385195dae8 0000000000000000
0x000000af3b6ff248:   000000af3b6ff270 000000af3b6ff2b8
0x000000af3b6ff258:   0000023834afa322 0000000714505660
0x000000af3b6ff268:   0000023834afd4f6 000000af3b6ff270
0x000000af3b6ff278:   00000238518f25f8 000000af3b6ff2c0
0x000000af3b6ff288:   0000023851951ee0 0000000000000000
0x000000af3b6ff298:   000000071443ddd0 00000238518f2610
0x000000af3b6ff2a8:   000000af3b6ff270 000000af3b6ff2c8
0x000000af3b6ff2b8:   000000af3b6ff318 0000023834afa322
0x000000af3b6ff2c8:   000000071479c720 000000af3b6ff2d0 

Instructions: (pc=0x00007ffddbafe047)
0x00007ffddbafdf47:   8b c8 4c 8b 50 18 49 ff a2 e0 0d 00 00 cc cc cc
0x00007ffddbafdf57:   cc cc cc cc cc cc cc cc cc 48 8b 01 49 8b d1 41
0x00007ffddbafdf67:   8b c8 4c 8b 50 18 49 ff a2 e8 0d 00 00 cc cc cc
0x00007ffddbafdf77:   cc cc cc cc cc cc cc cc cc 48 8b 01 48 8b 48 18
0x00007ffddbafdf87:   48 8b 81 f0 0d 00 00 41 8b c8 48 ff e0 cc cc cc
0x00007ffddbafdf97:   cc cc cc cc cc cc cc cc cc 48 8b 01 41 8b d1 41
0x00007ffddbafdfa7:   8b c8 4c 8b 50 18 49 ff a2 f8 0d 00 00 cc cc cc
0x00007ffddbafdfb7:   cc cc cc cc cc cc cc cc cc 48 8b 01 41 8b c8 48
0x00007ffddbafdfc7:   8b 50 18 48 ff a2 00 0e 00 00 cc cc cc cc cc cc
0x00007ffddbafdfd7:   cc cc cc cc cc cc cc cc cc 48 8b 01 45 8b d8 4c
0x00007ffddbafdfe7:   8b 44 24 28 41 8b d1 41 8b cb 4c 8b 50 18 49 ff
0x00007ffddbafdff7:   a2 08 0e 00 00 cc cc cc cc 48 8b 01 45 8b d8 4c
0x00007ffddbafe007:   8b 44 24 28 41 8b d1 41 8b cb 4c 8b 50 18 49 ff
0x00007ffddbafe017:   a2 10 0e 00 00 cc cc cc cc 48 8b 01 45 8b d8 4c
0x00007ffddbafe027:   8b 44 24 28 41 8b d1 41 8b cb 4c 8b 50 18 49 ff
0x00007ffddbafe037:   a2 18 0e 00 00 cc cc cc cc 48 8b 01 48 8b 48 18
0x00007ffddbafe047:   48 8b 81 20 0e 00 00 48 ff e0 cc cc cc cc cc cc
0x00007ffddbafe057:   cc cc cc cc cc cc cc cc cc 48 8b 01 41 8b c8 48
0x00007ffddbafe067:   8b 50 18 48 ff a2 28 0e 00 00 cc cc cc cc cc cc
0x00007ffddbafe077:   cc cc cc cc cc cc cc cc cc 48 8b 01 48 8b 48 18
0x00007ffddbafe087:   48 8b 81 30 0e 00 00 41 8b c8 48 ff e0 cc cc cc
0x00007ffddbafe097:   cc cc cc cc cc cc cc cc cc 48 8b 01 48 8b 48 18
0x00007ffddbafe0a7:   48 8b 81 38 0e 00 00 41 8b c8 48 ff e0 cc cc cc
0x00007ffddbafe0b7:   cc cc cc cc cc cc cc cc cc 48 8b 01 41 8b c8 48
0x00007ffddbafe0c7:   8b 50 18 48 ff a2 40 0e 00 00 cc cc cc cc cc cc
0x00007ffddbafe0d7:   cc cc cc cc cc cc cc cc cc 48 8b 01 48 8b 48 18
0x00007ffddbafe0e7:   48 8b 81 48 0e 00 00 41 8b c8 48 ff e0 cc cc cc
0x00007ffddbafe0f7:   cc cc cc cc cc cc cc cc cc 48 8b 01 41 8b d1 41
0x00007ffddbafe107:   8b c8 4c 8b 50 18 49 ff a2 50 0e 00 00 cc cc cc
0x00007ffddbafe117:   cc cc cc cc cc cc cc cc cc 48 8b 01 41 8b d1 41
0x00007ffddbafe127:   8b c8 4c 8b 50 18 49 ff a2 58 0e 00 00 cc cc cc
0x00007ffddbafe137:   cc cc cc cc cc cc cc cc cc 40 53 48 8b 01 41 8b 


Stack slot to memory mapping:
stack at sp + 0 slots: 0x0000023834b01366 is at code_begin+1958 in an Interpreter codelet
method entry point (kind = native)  [0x0000023834b00bc0, 0x0000023834b01ce0]  4384 bytes
stack at sp + 1 slots: {method} {0x000002385195daf0} 'glCreateProgram' '()I' in 'org/lwjgl/opengl/GL20C'
stack at sp + 2 slots: 0x000000071479ac40 is an oop: java.lang.String 
{0x000000071479ac40} - klass: 'java/lang/String'
 - string: "#version 330

out vec4 fragColor;

void main()
{
    fragColor = vec4(0.0, 0.5, 0.5, 1.0);
}
"
stack at sp + 3 slots: 0x000002382d27b410 is a thread
stack at sp + 4 slots: 0x000000af3b6ff240 is pointing into the stack for thread: 0x000002382d27b410
stack at sp + 5 slots: 0x0000023834b00c76 is at code_begin+182 in an Interpreter codelet
method entry point (kind = native)  [0x0000023834b00bc0, 0x0000023834b01ce0]  4384 bytes
stack at sp + 6 slots: 0x000000af3b6ff208 is pointing into the stack for thread: 0x000002382d27b410
stack at sp + 7 slots: 0x000002385195dae0 is pointing into metadata


---------------  P R O C E S S  ---------------

Threads class SMR info:
_java_thread_list=0x0000023850f565b0, length=19, elements={
0x000002382d27b410, 0x0000023850d99f20, 0x0000023850d9d200, 0x0000023850db8040,
0x0000023850db8900, 0x0000023850db91c0, 0x0000023850db9a80, 0x0000023850dbef80,
0x0000023850dbf930, 0x0000023850dc2240, 0x0000023850efcff0, 0x0000023850eff5c0,
0x0000023850f07fd0, 0x0000023850f4eef0, 0x0000023850f531c0, 0x0000023850f54f10,
0x0000023850f5b870, 0x0000023850f61c20, 0x0000023850f66700
}

Java Threads: ( => current thread )
=>0x000002382d27b410 JavaThread "main" [_thread_in_native, id=11400, stack(0x000000af3b600000,0x000000af3b700000)]
  0x0000023850d99f20 JavaThread "Reference Handler" daemon [_thread_blocked, id=16252, stack(0x000000af3bd00000,0x000000af3be00000)]
  0x0000023850d9d200 JavaThread "Finalizer" daemon [_thread_blocked, id=4832, stack(0x000000af3be00000,0x000000af3bf00000)]
  0x0000023850db8040 JavaThread "Signal Dispatcher" daemon [_thread_blocked, id=26936, stack(0x000000af3bf00000,0x000000af3c000000)]
  0x0000023850db8900 JavaThread "Attach Listener" daemon [_thread_blocked, id=28516, stack(0x000000af3c000000,0x000000af3c100000)]
  0x0000023850db91c0 JavaThread "Service Thread" daemon [_thread_blocked, id=23100, stack(0x000000af3c100000,0x000000af3c200000)]
  0x0000023850db9a80 JavaThread "Monitor Deflation Thread" daemon [_thread_blocked, id=11468, stack(0x000000af3c200000,0x000000af3c300000)]
  0x0000023850dbef80 JavaThread "C2 CompilerThread0" daemon [_thread_blocked, id=14284, stack(0x000000af3c300000,0x000000af3c400000)]
  0x0000023850dbf930 JavaThread "C1 CompilerThread0" daemon [_thread_blocked, id=11616, stack(0x000000af3c400000,0x000000af3c500000)]
  0x0000023850dc2240 JavaThread "Sweeper thread" daemon [_thread_blocked, id=9996, stack(0x000000af3c500000,0x000000af3c600000)]
  0x0000023850efcff0 JavaThread "C1 CompilerThread1" daemon [_thread_blocked, id=15048, stack(0x000000af3c600000,0x000000af3c700000)]
  0x0000023850eff5c0 JavaThread "C1 CompilerThread2" daemon [_thread_blocked, id=716, stack(0x000000af3c700000,0x000000af3c800000)]
  0x0000023850f07fd0 JavaThread "C1 CompilerThread3" daemon [_thread_blocked, id=20156, stack(0x000000af3c800000,0x000000af3c900000)]
  0x0000023850f4eef0 JavaThread "JDWP Transport Listener: dt_socket" daemon [_thread_blocked, id=11420, stack(0x000000af3c900000,0x000000af3ca00000)]
  0x0000023850f531c0 JavaThread "JDWP Event Helper Thread" daemon [_thread_blocked, id=11844, stack(0x000000af3ca00000,0x000000af3cb00000)]
  0x0000023850f54f10 JavaThread "JDWP Command Reader" daemon [_thread_in_native, id=16988, stack(0x000000af3cb00000,0x000000af3cc00000)]
  0x0000023850f5b870 JavaThread "Notification Thread" daemon [_thread_blocked, id=11456, stack(0x000000af3cc00000,0x000000af3cd00000)]
  0x0000023850f61c20 JavaThread "Common-Cleaner" daemon [_thread_blocked, id=21960, stack(0x000000af3ce00000,0x000000af3cf00000)]
  0x0000023850f66700 JavaThread "C2 CompilerThread1" daemon [_thread_blocked, id=24892, stack(0x000000af3cf00000,0x000000af3d000000)]

Other Threads:
  0x00000238501cec70 VMThread "VM Thread" [stack: 0x000000af3bc00000,0x000000af3bd00000] [id=11940]
  0x000002382d316500 WatcherThread [stack: 0x000000af3cd00000,0x000000af3ce00000] [id=1412]
  0x000002382d2eeba0 GCTaskThread "GC Thread#0" [stack: 0x000000af3b700000,0x000000af3b800000] [id=28260]
  0x000002382d300620 ConcurrentGCThread "G1 Main Marker" [stack: 0x000000af3b800000,0x000000af3b900000] [id=23192]
  0x000002382d3016e0 ConcurrentGCThread "G1 Conc#0" [stack: 0x000000af3b900000,0x000000af3ba00000] [id=13804]
  0x000002382d349070 ConcurrentGCThread "G1 Refine#0" [stack: 0x000000af3ba00000,0x000000af3bb00000] [id=22740]
  0x000002382d349840 ConcurrentGCThread "G1 Service" [stack: 0x000000af3bb00000,0x000000af3bc00000] [id=7152]

Threads with active compile tasks:

VM state: not at safepoint (normal execution)

VM Mutex/Monitor currently owned by a thread: None

Heap address: 0x0000000705400000, size: 4012 MB, Compressed Oops mode: Zero based, Oop shift amount: 3

CDS archive(s) mapped at: [0x0000000800000000-0x0000000800bd0000-0x0000000800bd0000), size 12386304, SharedBaseAddress: 0x0000000800000000, ArchiveRelocationMode: 0.
Compressed class space mapped at: 0x0000000800c00000-0x0000000840c00000, reserved size: 1073741824
Narrow klass base: 0x0000000800000000, Narrow klass shift: 0, Narrow klass range: 0x100000000

GC Precious Log:
 CPUs: 20 total, 20 available
 Memory: 16044M
 Large Page Support: Disabled
 NUMA Support: Disabled
 Compressed Oops: Enabled (Zero based)
 Heap Region Size: 2M
 Heap Min Capacity: 8M
 Heap Initial Capacity: 252M
 Heap Max Capacity: 4012M
 Pre-touch: Disabled
 Parallel Workers: 15
 Concurrent Workers: 4
 Concurrent Refinement Workers: 15
 Periodic GC: Disabled

Heap:
 garbage-first heap   total 258048K, used 8192K [0x0000000705400000, 0x0000000800000000)
  region size 2048K, 6 young (12288K), 0 survivors (0K)
 Metaspace       used 2912K, committed 3072K, reserved 1056768K
  class space    used 167K, committed 256K, reserved 1048576K

Heap Regions: E=young(eden), S=young(survivor), O=old, HS=humongous(starts), HC=humongous(continues), CS=collection set, F=free, OA=open archive, CA=closed archive, TAMS=top-at-mark-start (previous, next)
|   0|0x0000000705400000, 0x0000000705400000, 0x0000000705600000|  0%| F|  |TAMS 0x0000000705400000, 0x0000000705400000| Untracked 
|   1|0x0000000705600000, 0x0000000705600000, 0x0000000705800000|  0%| F|  |TAMS 0x0000000705600000, 0x0000000705600000| Untracked 
|   2|0x0000000705800000, 0x0000000705800000, 0x0000000705a00000|  0%| F|  |TAMS 0x0000000705800000, 0x0000000705800000| Untracked 
|   3|0x0000000705a00000, 0x0000000705a00000, 0x0000000705c00000|  0%| F|  |TAMS 0x0000000705a00000, 0x0000000705a00000| Untracked 
|   4|0x0000000705c00000, 0x0000000705c00000, 0x0000000705e00000|  0%| F|  |TAMS 0x0000000705c00000, 0x0000000705c00000| Untracked 
|   5|0x0000000705e00000, 0x0000000705e00000, 0x0000000706000000|  0%| F|  |TAMS 0x0000000705e00000, 0x0000000705e00000| Untracked 
|   6|0x0000000706000000, 0x0000000706000000, 0x0000000706200000|  0%| F|  |TAMS 0x0000000706000000, 0x0000000706000000| Untracked 
|   7|0x0000000706200000, 0x0000000706200000, 0x0000000706400000|  0%| F|  |TAMS 0x0000000706200000, 0x0000000706200000| Untracked 
|   8|0x0000000706400000, 0x0000000706400000, 0x0000000706600000|  0%| F|  |TAMS 0x0000000706400000, 0x0000000706400000| Untracked 
|   9|0x0000000706600000, 0x0000000706600000, 0x0000000706800000|  0%| F|  |TAMS 0x0000000706600000, 0x0000000706600000| Untracked 
|  10|0x0000000706800000, 0x0000000706800000, 0x0000000706a00000|  0%| F|  |TAMS 0x0000000706800000, 0x0000000706800000| Untracked 
|  11|0x0000000706a00000, 0x0000000706a00000, 0x0000000706c00000|  0%| F|  |TAMS 0x0000000706a00000, 0x0000000706a00000| Untracked 
|  12|0x0000000706c00000, 0x0000000706c00000, 0x0000000706e00000|  0%| F|  |TAMS 0x0000000706c00000, 0x0000000706c00000| Untracked 
|  13|0x0000000706e00000, 0x0000000706e00000, 0x0000000707000000|  0%| F|  |TAMS 0x0000000706e00000, 0x0000000706e00000| Untracked 
|  14|0x0000000707000000, 0x0000000707000000, 0x0000000707200000|  0%| F|  |TAMS 0x0000000707000000, 0x0000000707000000| Untracked 
|  15|0x0000000707200000, 0x0000000707200000, 0x0000000707400000|  0%| F|  |TAMS 0x0000000707200000, 0x0000000707200000| Untracked 
|  16|0x0000000707400000, 0x0000000707400000, 0x0000000707600000|  0%| F|  |TAMS 0x0000000707400000, 0x0000000707400000| Untracked 
|  17|0x0000000707600000, 0x0000000707600000, 0x0000000707800000|  0%| F|  |TAMS 0x0000000707600000, 0x0000000707600000| Untracked 
|  18|0x0000000707800000, 0x0000000707800000, 0x0000000707a00000|  0%| F|  |TAMS 0x0000000707800000, 0x0000000707800000| Untracked 
|  19|0x0000000707a00000, 0x0000000707a00000, 0x0000000707c00000|  0%| F|  |TAMS 0x0000000707a00000, 0x0000000707a00000| Untracked 
|  20|0x0000000707c00000, 0x0000000707c00000, 0x0000000707e00000|  0%| F|  |TAMS 0x0000000707c00000, 0x0000000707c00000| Untracked 
|  21|0x0000000707e00000, 0x0000000707e00000, 0x0000000708000000|  0%| F|  |TAMS 0x0000000707e00000, 0x0000000707e00000| Untracked 
|  22|0x0000000708000000, 0x0000000708000000, 0x0000000708200000|  0%| F|  |TAMS 0x0000000708000000, 0x0000000708000000| Untracked 
|  23|0x0000000708200000, 0x0000000708200000, 0x0000000708400000|  0%| F|  |TAMS 0x0000000708200000, 0x0000000708200000| Untracked 
|  24|0x0000000708400000, 0x0000000708400000, 0x0000000708600000|  0%| F|  |TAMS 0x0000000708400000, 0x0000000708400000| Untracked 
|  25|0x0000000708600000, 0x0000000708600000, 0x0000000708800000|  0%| F|  |TAMS 0x0000000708600000, 0x0000000708600000| Untracked 
|  26|0x0000000708800000, 0x0000000708800000, 0x0000000708a00000|  0%| F|  |TAMS 0x0000000708800000, 0x0000000708800000| Untracked 
|  27|0x0000000708a00000, 0x0000000708a00000, 0x0000000708c00000|  0%| F|  |TAMS 0x0000000708a00000, 0x0000000708a00000| Untracked 
|  28|0x0000000708c00000, 0x0000000708c00000, 0x0000000708e00000|  0%| F|  |TAMS 0x0000000708c00000, 0x0000000708c00000| Untracked 
|  29|0x0000000708e00000, 0x0000000708e00000, 0x0000000709000000|  0%| F|  |TAMS 0x0000000708e00000, 0x0000000708e00000| Untracked 
|  30|0x0000000709000000, 0x0000000709000000, 0x0000000709200000|  0%| F|  |TAMS 0x0000000709000000, 0x0000000709000000| Untracked 
|  31|0x0000000709200000, 0x0000000709200000, 0x0000000709400000|  0%| F|  |TAMS 0x0000000709200000, 0x0000000709200000| Untracked 
|  32|0x0000000709400000, 0x0000000709400000, 0x0000000709600000|  0%| F|  |TAMS 0x0000000709400000, 0x0000000709400000| Untracked 
|  33|0x0000000709600000, 0x0000000709600000, 0x0000000709800000|  0%| F|  |TAMS 0x0000000709600000, 0x0000000709600000| Untracked 
|  34|0x0000000709800000, 0x0000000709800000, 0x0000000709a00000|  0%| F|  |TAMS 0x0000000709800000, 0x0000000709800000| Untracked 
|  35|0x0000000709a00000, 0x0000000709a00000, 0x0000000709c00000|  0%| F|  |TAMS 0x0000000709a00000, 0x0000000709a00000| Untracked 
|  36|0x0000000709c00000, 0x0000000709c00000, 0x0000000709e00000|  0%| F|  |TAMS 0x0000000709c00000, 0x0000000709c00000| Untracked 
|  37|0x0000000709e00000, 0x0000000709e00000, 0x000000070a000000|  0%| F|  |TAMS 0x0000000709e00000, 0x0000000709e00000| Untracked 
|  38|0x000000070a000000, 0x000000070a000000, 0x000000070a200000|  0%| F|  |TAMS 0x000000070a000000, 0x000000070a000000| Untracked 
|  39|0x000000070a200000, 0x000000070a200000, 0x000000070a400000|  0%| F|  |TAMS 0x000000070a200000, 0x000000070a200000| Untracked 
|  40|0x000000070a400000, 0x000000070a400000, 0x000000070a600000|  0%| F|  |TAMS 0x000000070a400000, 0x000000070a400000| Untracked 
|  41|0x000000070a600000, 0x000000070a600000, 0x000000070a800000|  0%| F|  |TAMS 0x000000070a600000, 0x000000070a600000| Untracked 
|  42|0x000000070a800000, 0x000000070a800000, 0x000000070aa00000|  0%| F|  |TAMS 0x000000070a800000, 0x000000070a800000| Untracked 
|  43|0x000000070aa00000, 0x000000070aa00000, 0x000000070ac00000|  0%| F|  |TAMS 0x000000070aa00000, 0x000000070aa00000| Untracked 
|  44|0x000000070ac00000, 0x000000070ac00000, 0x000000070ae00000|  0%| F|  |TAMS 0x000000070ac00000, 0x000000070ac00000| Untracked 
|  45|0x000000070ae00000, 0x000000070ae00000, 0x000000070b000000|  0%| F|  |TAMS 0x000000070ae00000, 0x000000070ae00000| Untracked 
|  46|0x000000070b000000, 0x000000070b000000, 0x000000070b200000|  0%| F|  |TAMS 0x000000070b000000, 0x000000070b000000| Untracked 
|  47|0x000000070b200000, 0x000000070b200000, 0x000000070b400000|  0%| F|  |TAMS 0x000000070b200000, 0x000000070b200000| Untracked 
|  48|0x000000070b400000, 0x000000070b400000, 0x000000070b600000|  0%| F|  |TAMS 0x000000070b400000, 0x000000070b400000| Untracked 
|  49|0x000000070b600000, 0x000000070b600000, 0x000000070b800000|  0%| F|  |TAMS 0x000000070b600000, 0x000000070b600000| Untracked 
|  50|0x000000070b800000, 0x000000070b800000, 0x000000070ba00000|  0%| F|  |TAMS 0x000000070b800000, 0x000000070b800000| Untracked 
|  51|0x000000070ba00000, 0x000000070ba00000, 0x000000070bc00000|  0%| F|  |TAMS 0x000000070ba00000, 0x000000070ba00000| Untracked 
|  52|0x000000070bc00000, 0x000000070bc00000, 0x000000070be00000|  0%| F|  |TAMS 0x000000070bc00000, 0x000000070bc00000| Untracked 
|  53|0x000000070be00000, 0x000000070be00000, 0x000000070c000000|  0%| F|  |TAMS 0x000000070be00000, 0x000000070be00000| Untracked 
|  54|0x000000070c000000, 0x000000070c000000, 0x000000070c200000|  0%| F|  |TAMS 0x000000070c000000, 0x000000070c000000| Untracked 
|  55|0x000000070c200000, 0x000000070c200000, 0x000000070c400000|  0%| F|  |TAMS 0x000000070c200000, 0x000000070c200000| Untracked 
|  56|0x000000070c400000, 0x000000070c400000, 0x000000070c600000|  0%| F|  |TAMS 0x000000070c400000, 0x000000070c400000| Untracked 
|  57|0x000000070c600000, 0x000000070c600000, 0x000000070c800000|  0%| F|  |TAMS 0x000000070c600000, 0x000000070c600000| Untracked 
|  58|0x000000070c800000, 0x000000070c800000, 0x000000070ca00000|  0%| F|  |TAMS 0x000000070c800000, 0x000000070c800000| Untracked 
|  59|0x000000070ca00000, 0x000000070ca00000, 0x000000070cc00000|  0%| F|  |TAMS 0x000000070ca00000, 0x000000070ca00000| Untracked 
|  60|0x000000070cc00000, 0x000000070cc00000, 0x000000070ce00000|  0%| F|  |TAMS 0x000000070cc00000, 0x000000070cc00000| Untracked 
|  61|0x000000070ce00000, 0x000000070ce00000, 0x000000070d000000|  0%| F|  |TAMS 0x000000070ce00000, 0x000000070ce00000| Untracked 
|  62|0x000000070d000000, 0x000000070d000000, 0x000000070d200000|  0%| F|  |TAMS 0x000000070d000000, 0x000000070d000000| Untracked 
|  63|0x000000070d200000, 0x000000070d200000, 0x000000070d400000|  0%| F|  |TAMS 0x000000070d200000, 0x000000070d200000| Untracked 
|  64|0x000000070d400000, 0x000000070d400000, 0x000000070d600000|  0%| F|  |TAMS 0x000000070d400000, 0x000000070d400000| Untracked 
|  65|0x000000070d600000, 0x000000070d600000, 0x000000070d800000|  0%| F|  |TAMS 0x000000070d600000, 0x000000070d600000| Untracked 
|  66|0x000000070d800000, 0x000000070d800000, 0x000000070da00000|  0%| F|  |TAMS 0x000000070d800000, 0x000000070d800000| Untracked 
|  67|0x000000070da00000, 0x000000070da00000, 0x000000070dc00000|  0%| F|  |TAMS 0x000000070da00000, 0x000000070da00000| Untracked 
|  68|0x000000070dc00000, 0x000000070dc00000, 0x000000070de00000|  0%| F|  |TAMS 0x000000070dc00000, 0x000000070dc00000| Untracked 
|  69|0x000000070de00000, 0x000000070de00000, 0x000000070e000000|  0%| F|  |TAMS 0x000000070de00000, 0x000000070de00000| Untracked 
|  70|0x000000070e000000, 0x000000070e000000, 0x000000070e200000|  0%| F|  |TAMS 0x000000070e000000, 0x000000070e000000| Untracked 
|  71|0x000000070e200000, 0x000000070e200000, 0x000000070e400000|  0%| F|  |TAMS 0x000000070e200000, 0x000000070e200000| Untracked 
|  72|0x000000070e400000, 0x000000070e400000, 0x000000070e600000|  0%| F|  |TAMS 0x000000070e400000, 0x000000070e400000| Untracked 
|  73|0x000000070e600000, 0x000000070e600000, 0x000000070e800000|  0%| F|  |TAMS 0x000000070e600000, 0x000000070e600000| Untracked 
|  74|0x000000070e800000, 0x000000070e800000, 0x000000070ea00000|  0%| F|  |TAMS 0x000000070e800000, 0x000000070e800000| Untracked 
|  75|0x000000070ea00000, 0x000000070ea00000, 0x000000070ec00000|  0%| F|  |TAMS 0x000000070ea00000, 0x000000070ea00000| Untracked 
|  76|0x000000070ec00000, 0x000000070ec00000, 0x000000070ee00000|  0%| F|  |TAMS 0x000000070ec00000, 0x000000070ec00000| Untracked 
|  77|0x000000070ee00000, 0x000000070ee00000, 0x000000070f000000|  0%| F|  |TAMS 0x000000070ee00000, 0x000000070ee00000| Untracked 
|  78|0x000000070f000000, 0x000000070f000000, 0x000000070f200000|  0%| F|  |TAMS 0x000000070f000000, 0x000000070f000000| Untracked 
|  79|0x000000070f200000, 0x000000070f200000, 0x000000070f400000|  0%| F|  |TAMS 0x000000070f200000, 0x000000070f200000| Untracked 
|  80|0x000000070f400000, 0x000000070f400000, 0x000000070f600000|  0%| F|  |TAMS 0x000000070f400000, 0x000000070f400000| Untracked 
|  81|0x000000070f600000, 0x000000070f600000, 0x000000070f800000|  0%| F|  |TAMS 0x000000070f600000, 0x000000070f600000| Untracked 
|  82|0x000000070f800000, 0x000000070f800000, 0x000000070fa00000|  0%| F|  |TAMS 0x000000070f800000, 0x000000070f800000| Untracked 
|  83|0x000000070fa00000, 0x000000070fa00000, 0x000000070fc00000|  0%| F|  |TAMS 0x000000070fa00000, 0x000000070fa00000| Untracked 
|  84|0x000000070fc00000, 0x000000070fc00000, 0x000000070fe00000|  0%| F|  |TAMS 0x000000070fc00000, 0x000000070fc00000| Untracked 
|  85|0x000000070fe00000, 0x000000070fe00000, 0x0000000710000000|  0%| F|  |TAMS 0x000000070fe00000, 0x000000070fe00000| Untracked 
|  86|0x0000000710000000, 0x0000000710000000, 0x0000000710200000|  0%| F|  |TAMS 0x0000000710000000, 0x0000000710000000| Untracked 
|  87|0x0000000710200000, 0x0000000710200000, 0x0000000710400000|  0%| F|  |TAMS 0x0000000710200000, 0x0000000710200000| Untracked 
|  88|0x0000000710400000, 0x0000000710400000, 0x0000000710600000|  0%| F|  |TAMS 0x0000000710400000, 0x0000000710400000| Untracked 
|  89|0x0000000710600000, 0x0000000710600000, 0x0000000710800000|  0%| F|  |TAMS 0x0000000710600000, 0x0000000710600000| Untracked 
|  90|0x0000000710800000, 0x0000000710800000, 0x0000000710a00000|  0%| F|  |TAMS 0x0000000710800000, 0x0000000710800000| Untracked 
|  91|0x0000000710a00000, 0x0000000710a00000, 0x0000000710c00000|  0%| F|  |TAMS 0x0000000710a00000, 0x0000000710a00000| Untracked 
|  92|0x0000000710c00000, 0x0000000710c00000, 0x0000000710e00000|  0%| F|  |TAMS 0x0000000710c00000, 0x0000000710c00000| Untracked 
|  93|0x0000000710e00000, 0x0000000710e00000, 0x0000000711000000|  0%| F|  |TAMS 0x0000000710e00000, 0x0000000710e00000| Untracked 
|  94|0x0000000711000000, 0x0000000711000000, 0x0000000711200000|  0%| F|  |TAMS 0x0000000711000000, 0x0000000711000000| Untracked 
|  95|0x0000000711200000, 0x0000000711200000, 0x0000000711400000|  0%| F|  |TAMS 0x0000000711200000, 0x0000000711200000| Untracked 
|  96|0x0000000711400000, 0x0000000711400000, 0x0000000711600000|  0%| F|  |TAMS 0x0000000711400000, 0x0000000711400000| Untracked 
|  97|0x0000000711600000, 0x0000000711600000, 0x0000000711800000|  0%| F|  |TAMS 0x0000000711600000, 0x0000000711600000| Untracked 
|  98|0x0000000711800000, 0x0000000711800000, 0x0000000711a00000|  0%| F|  |TAMS 0x0000000711800000, 0x0000000711800000| Untracked 
|  99|0x0000000711a00000, 0x0000000711a00000, 0x0000000711c00000|  0%| F|  |TAMS 0x0000000711a00000, 0x0000000711a00000| Untracked 
| 100|0x0000000711c00000, 0x0000000711c00000, 0x0000000711e00000|  0%| F|  |TAMS 0x0000000711c00000, 0x0000000711c00000| Untracked 
| 101|0x0000000711e00000, 0x0000000711e00000, 0x0000000712000000|  0%| F|  |TAMS 0x0000000711e00000, 0x0000000711e00000| Untracked 
| 102|0x0000000712000000, 0x0000000712000000, 0x0000000712200000|  0%| F|  |TAMS 0x0000000712000000, 0x0000000712000000| Untracked 
| 103|0x0000000712200000, 0x0000000712200000, 0x0000000712400000|  0%| F|  |TAMS 0x0000000712200000, 0x0000000712200000| Untracked 
| 104|0x0000000712400000, 0x0000000712400000, 0x0000000712600000|  0%| F|  |TAMS 0x0000000712400000, 0x0000000712400000| Untracked 
| 105|0x0000000712600000, 0x0000000712600000, 0x0000000712800000|  0%| F|  |TAMS 0x0000000712600000, 0x0000000712600000| Untracked 
| 106|0x0000000712800000, 0x0000000712800000, 0x0000000712a00000|  0%| F|  |TAMS 0x0000000712800000, 0x0000000712800000| Untracked 
| 107|0x0000000712a00000, 0x0000000712a00000, 0x0000000712c00000|  0%| F|  |TAMS 0x0000000712a00000, 0x0000000712a00000| Untracked 
| 108|0x0000000712c00000, 0x0000000712c00000, 0x0000000712e00000|  0%| F|  |TAMS 0x0000000712c00000, 0x0000000712c00000| Untracked 
| 109|0x0000000712e00000, 0x0000000712e00000, 0x0000000713000000|  0%| F|  |TAMS 0x0000000712e00000, 0x0000000712e00000| Untracked 
| 110|0x0000000713000000, 0x0000000713000000, 0x0000000713200000|  0%| F|  |TAMS 0x0000000713000000, 0x0000000713000000| Untracked 
| 111|0x0000000713200000, 0x0000000713200000, 0x0000000713400000|  0%| F|  |TAMS 0x0000000713200000, 0x0000000713200000| Untracked 
| 112|0x0000000713400000, 0x0000000713400000, 0x0000000713600000|  0%| F|  |TAMS 0x0000000713400000, 0x0000000713400000| Untracked 
| 113|0x0000000713600000, 0x0000000713600000, 0x0000000713800000|  0%| F|  |TAMS 0x0000000713600000, 0x0000000713600000| Untracked 
| 114|0x0000000713800000, 0x0000000713800000, 0x0000000713a00000|  0%| F|  |TAMS 0x0000000713800000, 0x0000000713800000| Untracked 
| 115|0x0000000713a00000, 0x0000000713a00000, 0x0000000713c00000|  0%| F|  |TAMS 0x0000000713a00000, 0x0000000713a00000| Untracked 
| 116|0x0000000713c00000, 0x0000000713c00000, 0x0000000713e00000|  0%| F|  |TAMS 0x0000000713c00000, 0x0000000713c00000| Untracked 
| 117|0x0000000713e00000, 0x0000000713e00000, 0x0000000714000000|  0%| F|  |TAMS 0x0000000713e00000, 0x0000000713e00000| Untracked 
| 118|0x0000000714000000, 0x0000000714000000, 0x0000000714200000|  0%| F|  |TAMS 0x0000000714000000, 0x0000000714000000| Untracked 
| 119|0x0000000714200000, 0x0000000714200000, 0x0000000714400000|  0%| F|  |TAMS 0x0000000714200000, 0x0000000714200000| Untracked 
| 120|0x0000000714400000, 0x0000000714554118, 0x0000000714600000| 66%| E|  |TAMS 0x0000000714400000, 0x0000000714400000| Complete 
| 121|0x0000000714600000, 0x0000000714800000, 0x0000000714800000|100%| E|CS|TAMS 0x0000000714600000, 0x0000000714600000| Complete 
| 122|0x0000000714800000, 0x0000000714a00000, 0x0000000714a00000|100%| E|  |TAMS 0x0000000714800000, 0x0000000714800000| Complete 
| 123|0x0000000714a00000, 0x0000000714c00000, 0x0000000714c00000|100%| E|CS|TAMS 0x0000000714a00000, 0x0000000714a00000| Complete 
| 124|0x0000000714c00000, 0x0000000714e00000, 0x0000000714e00000|100%| E|CS|TAMS 0x0000000714c00000, 0x0000000714c00000| Complete 
| 125|0x0000000714e00000, 0x0000000715000000, 0x0000000715000000|100%| E|CS|TAMS 0x0000000714e00000, 0x0000000714e00000| Complete 

Card table byte_map: [0x0000023844d70000,0x0000023845550000] _byte_map_base: 0x0000023841546000

Marking Bits (Prev, Next): (CMBitMap*) 0x000002382d2f00d0, (CMBitMap*) 0x000002382d2f0110
 Prev Bits: [0x0000023845d30000, 0x0000023849be0000)
 Next Bits: [0x0000023849be0000, 0x000002384da90000)

Polling page: 0x000002382ca50000

Metaspace:

Usage:
  Non-class:      2.68 MB used.
      Class:    167.41 KB used.
       Both:      2.84 MB used.

Virtual space:
  Non-class space:        8.00 MB reserved,       2.75 MB ( 34%) committed,  1 nodes.
      Class space:        1.00 GB reserved,     256.00 KB ( <1%) committed,  1 nodes.
             Both:        1.01 GB reserved,       3.00 MB ( <1%) committed. 

Chunk freelists:
   Non-Class:  2.44 MB
       Class:  3.64 MB
        Both:  6.08 MB

MaxMetaspaceSize: unlimited
CompressedClassSpaceSize: 1.00 GB
Initial GC threshold: 21.00 MB
Current GC threshold: 21.00 MB
CDS: on
MetaspaceReclaimPolicy: balanced
 - commit_granule_bytes: 65536.
 - commit_granule_words: 8192.
 - virtual_space_node_default_size: 1048576.
 - enlarge_chunks_in_place: 1.
 - new_chunks_are_fully_committed: 0.
 - uncommit_free_chunks: 1.
 - use_allocation_guard: 0.
 - handle_deallocations: 1.


Internal statistics:

num_allocs_failed_limit: 0.
num_arena_births: 64.
num_arena_deaths: 0.
num_vsnodes_births: 2.
num_vsnodes_deaths: 0.
num_space_committed: 48.
num_space_uncommitted: 0.
num_chunks_returned_to_freelist: 0.
num_chunks_taken_from_freelist: 149.
num_chunk_merges: 0.
num_chunk_splits: 94.
num_chunks_enlarged: 68.
num_purges: 0.
num_inconsistent_stats: 0.

CodeHeap 'non-profiled nmethods': size=119168Kb used=196Kb max_used=196Kb free=118971Kb
 bounds [0x000002383c690000, 0x000002383c900000, 0x0000023843af0000]
CodeHeap 'profiled nmethods': size=119104Kb used=1117Kb max_used=1117Kb free=117986Kb
 bounds [0x0000023835240000, 0x00000238354b0000, 0x000002383c690000]
CodeHeap 'non-nmethods': size=7488Kb used=3295Kb max_used=3310Kb free=4192Kb
 bounds [0x0000023834af0000, 0x0000023834e30000, 0x0000023835240000]
 total_blobs=1610 nmethods=659 adapters=861
 compilation: enabled
              stopped_count=0, restarted_count=0
 full_count=0

Compilation events (20 events):
Event: 0.299 Thread 0x0000023850dbf930  652       3       java.util.WeakHashMap::put (160 bytes)
Event: 0.300 Thread 0x0000023850eff5c0 nmethod 651 0x0000023835341390 code [0x0000023835341560, 0x00000238353417e8]
Event: 0.300 Thread 0x0000023850dbf930 nmethod 652 0x0000023835341910 code [0x0000023835341ba0, 0x0000023835342c68]
Event: 0.300 Thread 0x0000023850eff5c0  653   !   3       jdk.internal.loader.BuiltinClassLoader::loadClassOrNull (143 bytes)
Event: 0.300 Thread 0x0000023850efcff0  654       3       java.lang.ClassLoader::getClassLoadingLock (35 bytes)
Event: 0.300 Thread 0x0000023850dbf930  655       3       java.lang.ClassLoader::findLoadedClass (15 bytes)
Event: 0.300 Thread 0x0000023850efcff0 nmethod 654 0x0000023835343210 code [0x00000238353433c0, 0x00000238353436e8]
Event: 0.300 Thread 0x0000023850efcff0  657       3       jdk.internal.loader.BuiltinClassLoader::findLoadedModule (33 bytes)
Event: 0.300 Thread 0x0000023850dbf930 nmethod 655 0x0000023835343890 code [0x0000023835343a40, 0x0000023835343c38]
Event: 0.300 Thread 0x0000023850dbf930  658       3       jdk.internal.loader.BuiltinClassLoader::loadClassOrNull (7 bytes)
Event: 0.301 Thread 0x0000023850dbf930 nmethod 658 0x0000023835343d10 code [0x0000023835343ec0, 0x00000238353440a8]
Event: 0.301 Thread 0x0000023850f66700 nmethod 645 0x000002383c6bf490 code [0x000002383c6bf640, 0x000002383c6bfd08]
Event: 0.301 Thread 0x0000023850f66700  649       4       java.lang.Integer::toUnsignedLong (7 bytes)
Event: 0.301 Thread 0x0000023850dbf930  659       3       java.util.Collections$SetFromMap::add (22 bytes)
Event: 0.301 Thread 0x0000023850efcff0 nmethod 657 0x0000023835344190 code [0x00000238353443a0, 0x0000023835344a38]
Event: 0.301 Thread 0x0000023850dbf930 nmethod 659 0x0000023835344c90 code [0x0000023835344e40, 0x0000023835345088]
Event: 0.301 Thread 0x0000023850f66700 nmethod 649 0x000002383c6c0190 code [0x000002383c6c0300, 0x000002383c6c0358]
Event: 0.301 Thread 0x0000023850f66700  650       4       sun.misc.Unsafe::putLong (11 bytes)
Event: 0.301 Thread 0x0000023850eff5c0 nmethod 653 0x0000023835345190 code [0x00000238353454c0, 0x0000023835346a78]
Event: 0.302 Thread 0x0000023850f66700 nmethod 650 0x000002383c6c0490 code [0x000002383c6c0600, 0x000002383c6c06b8]

GC Heap History (0 events):
No events

Deoptimization events (20 events):
Event: 0.113 Thread 0x000002382d27b410 Uncommon trap: trap_request=0xffffff45 fr.pc=0x000002383c6911e0 relative=0x0000000000000060
Event: 0.113 Thread 0x000002382d27b410 Uncommon trap: reason=unstable_if action=reinterpret pc=0x000002383c6911e0 method=java.lang.String.isLatin1()Z @ 10 c2
Event: 0.113 Thread 0x000002382d27b410 DEOPT PACKING pc=0x000002383c6911e0 sp=0x000000af3b6fe570
Event: 0.113 Thread 0x000002382d27b410 DEOPT UNPACKING pc=0x0000023834b423a3 sp=0x000000af3b6fe510 mode 2
Event: 0.113 Thread 0x000002382d27b410 Uncommon trap: trap_request=0xffffff45 fr.pc=0x000002383c6914f8 relative=0x0000000000000078
Event: 0.113 Thread 0x000002382d27b410 Uncommon trap: reason=unstable_if action=reinterpret pc=0x000002383c6914f8 method=java.lang.String.isLatin1()Z @ 10 c2
Event: 0.113 Thread 0x000002382d27b410 DEOPT PACKING pc=0x000002383c6914f8 sp=0x000000af3b6fef60
Event: 0.113 Thread 0x000002382d27b410 DEOPT UNPACKING pc=0x0000023834b423a3 sp=0x000000af3b6feeb0 mode 2
Event: 0.155 Thread 0x000002382d27b410 DEOPT PACKING pc=0x0000023835249d6a sp=0x000000af3b6fb650
Event: 0.155 Thread 0x000002382d27b410 DEOPT UNPACKING pc=0x0000023834b42b43 sp=0x000000af3b6faa70 mode 0
Event: 0.159 Thread 0x000002382d27b410 DEOPT PACKING pc=0x0000023835247e55 sp=0x000000af3b6fb190
Event: 0.159 Thread 0x000002382d27b410 DEOPT UNPACKING pc=0x0000023834b42b43 sp=0x000000af3b6fa608 mode 0
Event: 0.174 Thread 0x000002382d27b410 Uncommon trap: trap_request=0xffffff45 fr.pc=0x000002383c6a8ae8 relative=0x0000000000000068
Event: 0.174 Thread 0x000002382d27b410 Uncommon trap: reason=unstable_if action=reinterpret pc=0x000002383c6a8ae8 method=java.io.WinNTFileSystem.isSlash(C)Z @ 9 c2
Event: 0.174 Thread 0x000002382d27b410 DEOPT PACKING pc=0x000002383c6a8ae8 sp=0x000000af3b6fba60
Event: 0.174 Thread 0x000002382d27b410 DEOPT UNPACKING pc=0x0000023834b423a3 sp=0x000000af3b6fb9f8 mode 2
Event: 0.191 Thread 0x000002382d27b410 Uncommon trap: trap_request=0xffffff45 fr.pc=0x000002383c6ad920 relative=0x0000000000000180
Event: 0.191 Thread 0x000002382d27b410 Uncommon trap: reason=unstable_if action=reinterpret pc=0x000002383c6ad920 method=java.util.zip.ZipFile$Source.isMetaName([BII)Z @ 43 c2
Event: 0.191 Thread 0x000002382d27b410 DEOPT PACKING pc=0x000002383c6ad920 sp=0x000000af3b6fb300
Event: 0.191 Thread 0x000002382d27b410 DEOPT UNPACKING pc=0x0000023834b423a3 sp=0x000000af3b6fb2a8 mode 2

Classes unloaded (0 events):
No events

Classes redefined (0 events):
No events

Internal exceptions (20 events):
Event: 0.143 Thread 0x000002382d27b410 Exception <a 'java/lang/NoSuchMethodError'{0x0000000714d1d858}: 'void java.lang.invoke.DirectMethodHandle$Holder.invokeSpecial(java.lang.Object, java.lang.Object, java.lang.Object)'> (0x0000000714d1d858) 
thrown [s\open\src\hotspot\share\interpreter\linkResolver.cpp, line 759]
Event: 0.145 Thread 0x000002382d27b410 Exception <a 'java/lang/NoSuchMethodError'{0x0000000714d30be0}: 'java.lang.Object java.lang.invoke.DirectMethodHandle$Holder.invokeStatic(java.lang.Object, java.lang.Object, int)'> (0x0000000714d30be0) 
thrown [s\open\src\hotspot\share\interpreter\linkResolver.cpp, line 759]
Event: 0.146 Thread 0x000002382d27b410 Exception <a 'java/lang/NoSuchMethodError'{0x0000000714d3c950}: 'void java.lang.invoke.DelegatingMethodHandle$Holder.delegate(java.lang.Object, java.lang.Object, int, java.lang.Object)'> (0x0000000714d3c950) 
thrown [s\open\src\hotspot\share\interpreter\linkResolver.cpp, line 759]
Event: 0.146 Thread 0x000002382d27b410 Exception <a 'java/lang/NoSuchMethodError'{0x0000000714d40b90}: 'int java.lang.invoke.DirectMethodHandle$Holder.invokeSpecial(java.lang.Object, java.lang.Object, java.lang.Object)'> (0x0000000714d40b90) 
thrown [s\open\src\hotspot\share\interpreter\linkResolver.cpp, line 759]
Event: 0.178 Thread 0x000002382d27b410 Exception <a 'sun/nio/fs/WindowsException'{0x0000000714870708}> (0x0000000714870708) 
thrown [s\open\src\hotspot\share\prims\jni.cpp, line 516]
Event: 0.178 Thread 0x000002382d27b410 Exception <a 'sun/nio/fs/WindowsException'{0x0000000714870c58}> (0x0000000714870c58) 
thrown [s\open\src\hotspot\share\prims\jni.cpp, line 516]
Event: 0.194 Thread 0x000002382d27b410 Exception <a 'java/lang/NoSuchMethodError'{0x0000000714632e88}: 'int java.lang.invoke.DirectMethodHandle$Holder.invokeStaticInit(java.lang.Object, java.lang.Object, int, long)'> (0x0000000714632e88) 
thrown [s\open\src\hotspot\share\interpreter\linkResolver.cpp, line 759]
Event: 0.195 Thread 0x000002382d27b410 Exception <a 'java/lang/NoSuchMethodError'{0x0000000714638750}: 'java.lang.Object java.lang.invoke.DirectMethodHandle$Holder.newInvokeSpecial(java.lang.Object, java.lang.Object, int)'> (0x0000000714638750) 
thrown [s\open\src\hotspot\share\interpreter\linkResolver.cpp, line 759]
Event: 0.196 Thread 0x000002382d27b410 Exception <a 'java/lang/NoSuchMethodError'{0x00000007146472c0}: 'int java.lang.invoke.DirectMethodHandle$Holder.invokeStaticInit(java.lang.Object, java.lang.Object, long, long)'> (0x00000007146472c0) 
thrown [s\open\src\hotspot\share\interpreter\linkResolver.cpp, line 759]
Event: 0.196 Thread 0x000002382d27b410 Exception <a 'java/lang/NoSuchMethodError'{0x000000071464d3d0}: 'java.lang.Object java.lang.invoke.DirectMethodHandle$Holder.newInvokeSpecial(java.lang.Object, java.lang.Object, long)'> (0x000000071464d3d0) 
thrown [s\open\src\hotspot\share\interpreter\linkResolver.cpp, line 759]
Event: 0.196 Thread 0x000002382d27b410 Exception <a 'java/lang/NoSuchMethodError'{0x0000000714651418}: 'java.lang.Object java.lang.invoke.Invokers$Holder.linkToTargetMethod(java.lang.Object, long, java.lang.Object)'> (0x0000000714651418) 
thrown [s\open\src\hotspot\share\interpreter\linkResolver.cpp, line 759]
Event: 0.197 Thread 0x000002382d27b410 Exception <a 'java/lang/NoSuchMethodError'{0x0000000714658b30}: 'int java.lang.invoke.DirectMethodHandle$Holder.invokeStaticInit(java.lang.Object, java.lang.Object, java.lang.Object, long)'> (0x0000000714658b30) 
thrown [s\open\src\hotspot\share\interpreter\linkResolver.cpp, line 759]
Event: 0.207 Thread 0x000002382d27b410 Exception <a 'sun/nio/fs/WindowsException'{0x00000007146bc848}> (0x00000007146bc848) 
thrown [s\open\src\hotspot\share\prims\jni.cpp, line 516]
Event: 0.207 Thread 0x000002382d27b410 Exception <a 'sun/nio/fs/WindowsException'{0x00000007146bcbd8}> (0x00000007146bcbd8) 
thrown [s\open\src\hotspot\share\prims\jni.cpp, line 516]
Event: 0.220 Thread 0x000002382d27b410 Exception <a 'sun/nio/fs/WindowsException'{0x0000000714757640}> (0x0000000714757640) 
thrown [s\open\src\hotspot\share\prims\jni.cpp, line 516]
Event: 0.220 Thread 0x000002382d27b410 Exception <a 'sun/nio/fs/WindowsException'{0x00000007147579a0}> (0x00000007147579a0) 
thrown [s\open\src\hotspot\share\prims\jni.cpp, line 516]
Event: 0.295 Thread 0x000002382d27b410 Exception <a 'sun/nio/fs/WindowsException'{0x0000000714471278}> (0x0000000714471278) 
thrown [s\open\src\hotspot\share\prims\jni.cpp, line 516]
Event: 0.295 Thread 0x000002382d27b410 Exception <a 'sun/nio/fs/WindowsException'{0x0000000714471620}> (0x0000000714471620) 
thrown [s\open\src\hotspot\share\prims\jni.cpp, line 516]
Event: 0.298 Thread 0x000002382d27b410 Exception <a 'sun/nio/fs/WindowsException'{0x0000000714482c68}> (0x0000000714482c68) 
thrown [s\open\src\hotspot\share\prims\jni.cpp, line 516]
Event: 0.298 Thread 0x000002382d27b410 Exception <a 'sun/nio/fs/WindowsException'{0x0000000714482f48}> (0x0000000714482f48) 
thrown [s\open\src\hotspot\share\prims\jni.cpp, line 516]

VM Operations (4 events):
Event: 0.046 Executing VM operation: ChangeBreakpoints
Event: 0.046 Executing VM operation: ChangeBreakpoints done
Event: 0.120 Executing VM operation: HandshakeAllThreads
Event: 0.120 Executing VM operation: HandshakeAllThreads done

Events (20 events):
Event: 0.193 loading class java/util/function/LongPredicate done
Event: 0.195 loading class jdk/internal/access/foreign/MemorySegmentProxy
Event: 0.195 loading class jdk/internal/access/foreign/MemorySegmentProxy done
Event: 0.198 loading class java/nio/InvalidMarkException
Event: 0.198 loading class java/nio/InvalidMarkException done
Event: 0.198 loading class java/nio/BufferUnderflowException
Event: 0.198 loading class java/nio/BufferUnderflowException done
Event: 0.207 loading class java/lang/NoSuchFieldError
Event: 0.207 loading class java/lang/NoSuchFieldError done
Event: 0.222 loading class jdk/internal/reflect/UnsafeQualifiedStaticIntegerFieldAccessorImpl
Event: 0.222 loading class jdk/internal/reflect/UnsafeQualifiedStaticIntegerFieldAccessorImpl done
Event: 0.284 loading class sun/net/ProgressMonitor
Event: 0.284 loading class sun/net/ProgressMonitor done
Event: 0.284 loading class sun/net/DefaultProgressMeteringPolicy
Event: 0.284 loading class sun/net/ProgressMeteringPolicy
Event: 0.284 loading class sun/net/ProgressMeteringPolicy done
Event: 0.284 loading class sun/net/DefaultProgressMeteringPolicy done
Event: 0.292 loading class jdk/internal/misc/ScopedMemoryAccess$Scope
Event: 0.292 loading class jdk/internal/misc/ScopedMemoryAccess$Scope done
Event: 0.296 Loaded shared library C:\Users\aaron\AppData\Local\Temp\lwjglaaron\3.3.1-build-7\lwjgl_opengl.dll


Dynamic libraries:
0x00007ff7b8b10000 - 0x00007ff7b8b20000 	C:\Program Files\Java\jdk-17.0.5\bin\java.exe
0x00007ffdff940000 - 0x00007ffdffb49000 	C:\Windows\SYSTEM32\ntdll.dll
0x00007ffdfe6f0000 - 0x00007ffdfe7ae000 	C:\Windows\System32\KERNEL32.DLL
0x00007ffdfd440000 - 0x00007ffdfd7bb000 	C:\Windows\System32\KERNELBASE.dll
0x00007ffdfd260000 - 0x00007ffdfd371000 	C:\Windows\System32\ucrtbase.dll
0x00007ffded6e0000 - 0x00007ffded6fa000 	C:\Program Files\Java\jdk-17.0.5\bin\VCRUNTIME140.dll
0x00007ffded0b0000 - 0x00007ffded0c8000 	C:\Program Files\Java\jdk-17.0.5\bin\jli.dll
0x00007ffdfe480000 - 0x00007ffdfe52e000 	C:\Windows\System32\ADVAPI32.dll
0x00007ffdff120000 - 0x00007ffdff1c3000 	C:\Windows\System32\msvcrt.dll
0x00007ffdff310000 - 0x00007ffdff3ae000 	C:\Windows\System32\sechost.dll
0x00007ffdfe840000 - 0x00007ffdfe960000 	C:\Windows\System32\RPCRT4.dll
0x00007ffdfe530000 - 0x00007ffdfe6dd000 	C:\Windows\System32\USER32.dll
0x00007ffdfcf30000 - 0x00007ffdfcf56000 	C:\Windows\System32\win32u.dll
0x00007ffdf02c0000 - 0x00007ffdf0565000 	C:\Windows\WinSxS\amd64_microsoft.windows.common-controls_6595b64144ccf1df_6.0.22000.120_none_9d947278b86cc467\COMCTL32.dll
0x00007ffdfe280000 - 0x00007ffdfe2a9000 	C:\Windows\System32\GDI32.dll
0x00007ffdfce10000 - 0x00007ffdfcf28000 	C:\Windows\System32\gdi32full.dll
0x00007ffdfcf60000 - 0x00007ffdfcffd000 	C:\Windows\System32\msvcp_win.dll
0x00007ffdf2d30000 - 0x00007ffdf2d3a000 	C:\Windows\SYSTEM32\VERSION.dll
0x00007ffdfdaf0000 - 0x00007ffdfdb22000 	C:\Windows\System32\IMM32.DLL
0x00007ffdf2190000 - 0x00007ffdf219c000 	C:\Program Files\Java\jdk-17.0.5\bin\vcruntime140_1.dll
0x00007ffdade70000 - 0x00007ffdadefd000 	C:\Program Files\Java\jdk-17.0.5\bin\msvcp140.dll
0x00007ffda57e0000 - 0x00007ffda63a2000 	C:\Program Files\Java\jdk-17.0.5\bin\server\jvm.dll
0x00007ffdfdb50000 - 0x00007ffdfdb58000 	C:\Windows\System32\PSAPI.DLL
0x00007ffde8630000 - 0x00007ffde8639000 	C:\Windows\SYSTEM32\WSOCK32.dll
0x00007ffdea340000 - 0x00007ffdea373000 	C:\Windows\SYSTEM32\WINMM.dll
0x00007ffdfda80000 - 0x00007ffdfdaef000 	C:\Windows\System32\WS2_32.dll
0x00007ffdfbf80000 - 0x00007ffdfbf98000 	C:\Windows\SYSTEM32\kernel.appcore.dll
0x00007ffdeefe0000 - 0x00007ffdeefea000 	C:\Program Files\Java\jdk-17.0.5\bin\jimage.dll
0x00007ffdfa470000 - 0x00007ffdfa691000 	C:\Windows\SYSTEM32\DBGHELP.DLL
0x00007ffdf0e90000 - 0x00007ffdf0ec1000 	C:\Windows\SYSTEM32\dbgcore.DLL
0x00007ffdfd1e0000 - 0x00007ffdfd25f000 	C:\Windows\System32\bcryptPrimitives.dll
0x00007ffdece30000 - 0x00007ffdece6b000 	C:\Program Files\Java\jdk-17.0.5\bin\jdwp.dll
0x00007ffde4920000 - 0x00007ffde4945000 	C:\Program Files\Java\jdk-17.0.5\bin\java.dll
0x00007ffda4f70000 - 0x00007ffda5046000 	C:\Program Files\Java\jdk-17.0.5\bin\jsvml.dll
0x00007ffdfe960000 - 0x00007ffdff117000 	C:\Windows\System32\SHELL32.dll
0x00007ffdfaee0000 - 0x00007ffdfb745000 	C:\Windows\SYSTEM32\windows.storage.dll
0x00007ffdfdb60000 - 0x00007ffdfded8000 	C:\Windows\System32\combase.dll
0x00007ffdfad70000 - 0x00007ffdfaed6000 	C:\Windows\SYSTEM32\wintypes.dll
0x00007ffdfd7c0000 - 0x00007ffdfd8aa000 	C:\Windows\System32\SHCORE.dll
0x00007ffdff3b0000 - 0x00007ffdff40d000 	C:\Windows\System32\shlwapi.dll
0x00007ffdfcd40000 - 0x00007ffdfcd61000 	C:\Windows\SYSTEM32\profapi.dll
0x00007ffdf3b70000 - 0x00007ffdf3b7c000 	C:\Program Files\Java\jdk-17.0.5\bin\dt_socket.dll
0x00007ffdfbb20000 - 0x00007ffdfbb4d000 	C:\Windows\SYSTEM32\IPHLPAPI.DLL
0x00007ffdfc420000 - 0x00007ffdfc487000 	C:\Windows\system32\mswsock.dll
0x00007ffdfbb50000 - 0x00007ffdfbc38000 	C:\Windows\SYSTEM32\DNSAPI.dll
0x00007ffdfe470000 - 0x00007ffdfe479000 	C:\Windows\System32\NSI.dll
0x00007ffdf3c40000 - 0x00007ffdf3c4a000 	C:\Windows\System32\rasadhlp.dll
0x00007ffdf3ba0000 - 0x00007ffdf3c21000 	C:\Windows\System32\fwpuclnt.dll
0x00007ffddc570000 - 0x00007ffddc589000 	C:\Program Files\Java\jdk-17.0.5\bin\net.dll
0x00007ffdf5000000 - 0x00007ffdf5114000 	C:\Windows\SYSTEM32\WINHTTP.dll
0x00007ffddbd10000 - 0x00007ffddbd26000 	C:\Program Files\Java\jdk-17.0.5\bin\nio.dll
0x00007ffddaee0000 - 0x00007ffddaef8000 	C:\Program Files\Java\jdk-17.0.5\bin\zip.dll
0x00007ffdd5210000 - 0x00007ffdd5285000 	C:\Users\aaron\AppData\Local\Temp\lwjglaaron\3.3.1-build-7\lwjgl.dll
0x00007ffdd4fb0000 - 0x00007ffdd5209000 	C:\Users\aaron\AppData\Local\Temp\lwjglaaron\3.3.1-build-7\jemalloc.dll
0x00007ffdd54d0000 - 0x00007ffdd5531000 	C:\Users\aaron\AppData\Local\Temp\lwjglaaron\3.3.1-build-7\glfw.dll
0x00007ffddcb80000 - 0x00007ffddcbc5000 	C:\Windows\SYSTEM32\dinput8.dll
0x00007ffdc2d50000 - 0x00007ffdc2d61000 	C:\Windows\SYSTEM32\xinput1_4.dll
0x00007ffdfcb30000 - 0x00007ffdfcb5c000 	C:\Windows\SYSTEM32\DEVOBJ.dll
0x00007ffdfcae0000 - 0x00007ffdfcb2c000 	C:\Windows\SYSTEM32\cfgmgr32.dll
0x00007ffdfa830000 - 0x00007ffdfa85f000 	C:\Windows\SYSTEM32\dwmapi.dll
0x00007ffdc93e0000 - 0x00007ffdc95a9000 	C:\Windows\SYSTEM32\inputhost.dll
0x00007ffdf6f80000 - 0x00007ffdf70b1000 	C:\Windows\SYSTEM32\CoreMessaging.dll
0x00007ffdf7200000 - 0x00007ffdf72ac000 	C:\Windows\system32\uxtheme.dll
0x00007ffdfc680000 - 0x00007ffdfc68c000 	C:\Windows\SYSTEM32\CRYPTBASE.DLL
0x00007ffdfdee0000 - 0x00007ffdfdffd000 	C:\Windows\System32\MSCTF.dll
0x00007ffdb3e80000 - 0x00007ffdb3f81000 	C:\Windows\SYSTEM32\opengl32.dll
0x00007ffdee780000 - 0x00007ffdee7ad000 	C:\Windows\SYSTEM32\GLU32.dll
0x00007ffdf74d0000 - 0x00007ffdf7508000 	C:\Windows\SYSTEM32\dxcore.dll
0x00007ffdf0270000 - 0x00007ffdf02b4000 	C:\Windows\SYSTEM32\directxdatabasehelper.dll
0x00007ffdfbfa0000 - 0x00007ffdfbfd4000 	C:\Windows\SYSTEM32\ntmarta.dll
0x00007ffdfd8d0000 - 0x00007ffdfd985000 	C:\Windows\System32\clbcatq.dll
0x00007ffd4e180000 - 0x00007ffd4f18b000 	C:\Windows\System32\DriverStore\FileRepository\iigd_dch.inf_amd64_e04d20469f199b2b\igxelpicd64.dll
0x00007ffdfe010000 - 0x00007ffdfe1aa000 	C:\Windows\System32\ole32.dll
0x00007ffdf7390000 - 0x00007ffdf7483000 	C:\Windows\system32\dxgi.dll
0x00007ffda36b0000 - 0x00007ffda399e000 	C:\Windows\System32\DriverStore\FileRepository\iigd_dch.inf_amd64_e04d20469f199b2b\igdml64.dll
0x00007ffddc030000 - 0x00007ffddc3f8000 	C:\Windows\System32\DriverStore\FileRepository\iigd_dch.inf_amd64_e04d20469f199b2b\igdgmm64.dll
0x00007ffdd6480000 - 0x00007ffdd9a85000 	C:\Windows\System32\DriverStore\FileRepository\iigd_dch.inf_amd64_e04d20469f199b2b\igc64.dll
0x00007ffdfb760000 - 0x00007ffdfb7ad000 	C:\Windows\SYSTEM32\powrprof.dll
0x00007ffdfb890000 - 0x00007ffdfb8a3000 	C:\Windows\SYSTEM32\UMPDC.dll
0x00007ffddbaf0000 - 0x00007ffddbb4d000 	C:\Users\aaron\AppData\Local\Temp\lwjglaaron\3.3.1-build-7\lwjgl_opengl.dll

dbghelp: loaded successfully - version: 4.0.5 - missing functions: none
symbol engine: initialized successfully - sym options: 0x614 - pdb path: .;C:\Program Files\Java\jdk-17.0.5\bin;C:\Windows\SYSTEM32;C:\Windows\WinSxS\amd64_microsoft.windows.common-controls_6595b64144ccf1df_6.0.22000.120_none_9d947278b86cc467;C:\Program Files\Java\jdk-17.0.5\bin\server;C:\Users\aaron\AppData\Local\Temp\lwjglaaron\3.3.1-build-7;C:\Windows\System32\DriverStore\FileRepository\iigd_dch.inf_amd64_e04d20469f199b2b

VM Arguments:
jvm_args: -agentlib:jdwp=transport=dt_socket,server=n,suspend=y,address=localhost:52318 -XX:+ShowCodeDetailsInExceptionMessages 
java_command: com.collins.Game
java_class_path (initial): C:\repos\2DTestGame\game\target\classes;C:\Users\aaron\.m2\repository\org\lwjgl\lwjgl\3.3.1\lwjgl-3.3.1.jar;C:\Users\aaron\.m2\repository\org\lwjgl\lwjgl-assimp\3.3.1\lwjgl-assimp-3.3.1.jar;C:\Users\aaron\.m2\repository\org\lwjgl\lwjgl-bgfx\3.3.1\lwjgl-bgfx-3.3.1.jar;C:\Users\aaron\.m2\repository\org\lwjgl\lwjgl-cuda\3.3.1\lwjgl-cuda-3.3.1.jar;C:\Users\aaron\.m2\repository\org\lwjgl\lwjgl-egl\3.3.1\lwjgl-egl-3.3.1.jar;C:\Users\aaron\.m2\repository\org\lwjgl\lwjgl-glfw\3.3.1\lwjgl-glfw-3.3.1.jar;C:\Users\aaron\.m2\repository\org\lwjgl\lwjgl-jawt\3.3.1\lwjgl-jawt-3.3.1.jar;C:\Users\aaron\.m2\repository\org\lwjgl\lwjgl-jemalloc\3.3.1\lwjgl-jemalloc-3.3.1.jar;C:\Users\aaron\.m2\repository\org\lwjgl\lwjgl-libdivide\3.3.1\lwjgl-libdivide-3.3.1.jar;C:\Users\aaron\.m2\repository\org\lwjgl\lwjgl-llvm\3.3.1\lwjgl-llvm-3.3.1.jar;C:\Users\aaron\.m2\repository\org\lwjgl\lwjgl-lmdb\3.3.1\lwjgl-lmdb-3.3.1.jar;C:\Users\aaron\.m2\repository\org\lwjgl\lwjgl-lz4\3.3.1\lwjgl-lz4-3.3.1.jar;C:\Users\aaron\.m2\repository\org\lwjgl\lwjgl-meow\3.3.1\lwjgl-meow-3.3.1.jar;C:\Users\aaron\.m2\repository\org\lwjgl\lwjgl-meshoptimizer\3.3.1\lwjgl-meshoptimizer-3.3.1.jar;C:\Users\aaron\.m2\repository\org\lwjgl\lwjgl-nanovg\3.3.1\lwjgl-nanovg-3.3.1.jar;C:\Users\aaron\.m2\repository\org\lwjgl\lwjgl-nfd\3.3.1\lwjgl-nfd-3.3.1.jar;C:\Users\aaron\.m2\repository\org\lwjgl\lwjgl-nuklear\3.3.1\lwjgl-nuklear-3.3.1.jar;C:\Users\aaron\.m2\repository\org\lwjgl\lwjgl-odbc\3.3.1\lwjgl-odbc-3.3.1.jar;C:\Users\aaron\.m2\repository\org\lwjgl\lwjgl-openal\3.3.1\lwjgl-openal-3.3.1.jar;C:\Users\aaron\.m2\repository\org\lwjgl\lwjgl-opencl\3.3.1\lwjgl-opencl-3.3.1.jar;C:\Users\aaron\.m2\repository\org\lwjgl\lwjgl-opengl\3.3.1\lwjgl-opengl-3.3.1.jar;C:\Users\aaron\.m2\repository\org\lwjgl\lwjgl-opengles\3.3.1\lwjgl-opengles-3.3.1.jar;C:\Users\aaron\.m2\repository\org\lwjgl\lwjgl-openvr\3.3.1\lwjgl-openvr-3.3.1.jar;C:\Users\aaron\.m2\repository\org\lwjgl\lwjgl-openxr\3.3.1\lwjgl-openxr-3.3.1.j
Launcher Type: SUN_STANDARD

[Global flags]
     intx CICompilerCount                          = 12                                        {product} {ergonomic}
     uint ConcGCThreads                            = 4                                         {product} {ergonomic}
     uint G1ConcRefinementThreads                  = 15                                        {product} {ergonomic}
   size_t G1HeapRegionSize                         = 2097152                                   {product} {ergonomic}
    uintx GCDrainStackTargetSize                   = 64                                        {product} {ergonomic}
   size_t InitialHeapSize                          = 264241152                                 {product} {ergonomic}
   size_t MarkStackSize                            = 4194304                                   {product} {ergonomic}
   size_t MaxHeapSize                              = 4206886912                                {product} {ergonomic}
   size_t MaxNewSize                               = 2522873856                                {product} {ergonomic}
   size_t MinHeapDeltaBytes                        = 2097152                                   {product} {ergonomic}
   size_t MinHeapSize                              = 8388608                                   {product} {ergonomic}
    uintx NonNMethodCodeHeapSize                   = 7602480                                {pd product} {ergonomic}
    uintx NonProfiledCodeHeapSize                  = 122027880                              {pd product} {ergonomic}
    uintx ProfiledCodeHeapSize                     = 122027880                              {pd product} {ergonomic}
    uintx ReservedCodeCacheSize                    = 251658240                              {pd product} {ergonomic}
     bool SegmentedCodeCache                       = true                                      {product} {ergonomic}
     bool ShowCodeDetailsInExceptionMessages       = true                                   {manageable} {command line}
   size_t SoftMaxHeapSize                          = 4206886912                             {manageable} {ergonomic}
     bool UseCompressedClassPointers               = true                           {product lp64_product} {ergonomic}
     bool UseCompressedOops                        = true                           {product lp64_product} {ergonomic}
     bool UseG1GC                                  = true                                      {product} {ergonomic}
     bool UseLargePagesIndividualAllocation        = false                                  {pd product} {ergonomic}

Logging:
Log output configuration:
 #0: stdout all=warning uptime,level,tags
 #1: stderr all=off uptime,level,tags

Environment Variables:
JAVA_HOME=C:\Program Files\Java\jdk-17.0.5
PATH=C:\Program Files\Common Files\Oracle\Java\javapath;C:\Windows\system32;C:\Windows;C:\Windows\System32\Wbem;C:\Windows\System32\WindowsPowerShell\v1.0\;C:\Windows\System32\OpenSSH\;C:\Program Files (x86)\NVIDIA Corporation\PhysX\Common;C:\Program Files\NVIDIA Corporation\NVIDIA NvDLISR;C:\Program Files (x86)\Eclipse\Sumo\bin\;C:\Program Files (x86)\Eclipse\Sumo\tools\;C:\Program Files\Docker\Docker\resources\bin;C:\ProgramData\DockerDesktop\version-bin;C:\Program Files\dotnet\;C:\Program Files\Microsoft SQL Server\130\Tools\Binn\;C:\Program Files\Microsoft SQL Server\Client SDK\ODBC\170\Tools\Binn\;C:\Program Files\swipl\bin;C:\Program Files\nodejs\;C:\ProgramData\chocolatey\bin;C:\Users\aaron\AppData\Roaming\Python\Python310\Scripts;C:\Ruby31-x64\bin;C:\Program Files\Microsoft SQL Server\150\Tools\Binn\;C:\apache-maven-3.8.6\bin;C:\Program Files (x86)\GitExtensions\;C:\Program Files\Git\cmd;C:\Ruby31-x64\bin;C:\Users\aaron\AppData\Local\Programs\Python\Python310\Scripts\;C:\Users\aaron\AppData\Local\Programs\Python\Python310\;C:\Users\aaron\AppData\Local\Microsoft\WindowsApps;;C:\Users\aaron\AppData\Local\Programs\Microsoft VS Code\bin;C:\Users\aaron\.dotnet\tools;C:\Users\aaron\AppData\Roaming\npm;C:\Program Files\JetBrains\IntelliJ IDEA 2022.2.2\bin;;C:\Users\aaron\AppData\Local\Programs\Microsoft VS Code Insiders\bin
USERNAME=aaron
LANG=en_US.UTF-8
OS=Windows_NT
PROCESSOR_IDENTIFIER=Intel64 Family 6 Model 154 Stepping 3, GenuineIntel



---------------  S Y S T E M  ---------------

OS:
 Windows 11 , 64 bit Build 22000 (10.0.22000.1335)
OS uptime: 5 days 15:34 hours
Hyper-V role detected

CPU: total 20 (initial active 20) (10 cores per cpu, 2 threads per core) family 6 model 154 stepping 3 microcode 0x41b, cx8, cmov, fxsr, ht, mmx, 3dnowpref, sse, sse2, sse3, ssse3, sse4.1, sse4.2, popcnt, lzcnt, tsc, tscinvbit, avx, avx2, aes, erms, clmul, bmi1, bmi2, adx, sha, fma, vzeroupper, clflush, clflushopt, clwb, hv

Memory: 4k page, system-wide physical 16044M (4312M free)
TotalPageFile size 28332M (AvailPageFile size 8914M)
current process WorkingSet (physical memory assigned to process): 149M, peak: 149M
current process commit charge ("private bytes"): 454M, peak: 454M

vm_info: Java HotSpot(TM) 64-Bit Server VM (17.0.5+9-LTS-191) for windows-amd64 JRE (17.0.5+9-LTS-191), built on Sep 13 2022 17:31:43 by "mach5one" with MS VC++ 16.8 / 16.9 (VS2019)

END.
